<?xml version="1.0" encoding="UTF-8"?>
<!-- Generated by org.testng.reporters.JUnitXMLReporter -->
<testsuite ignored="3" hostname="DESKTOP-RCHGCD2" failures="0" tests="1" name="GRP-Regression" time="0.043" errors="0" timestamp="2021-04-12T06:09:36 EDT">
  <testcase classname="ui.Grouping" name="logintest" time="0.004"/>
  <testcase classname="ui.Grouping" name="Test4" time="0.0">
    <ignored/>
  </testcase> <!-- Test4 -->
  <testcase classname="ui.Grouping" name="Test3" time="0.0">
    <ignored/>
  </testcase> <!-- Test3 -->
  <testcase classname="ui.Grouping" name="logoutTest" time="0.0">
    <ignored/>
  </testcase> <!-- logoutTest -->
</testsuite> <!-- GRP-Regression -->
