<?xml version="1.0" encoding="UTF-8"?>
<!-- Generated by org.testng.reporters.JUnitXMLReporter -->
<testsuite ignored="1" hostname="DESKTOP-RCHGCD2" failures="0" tests="2" name="GRP-BVT" time="0.046" errors="0" timestamp="2021-04-12T03:41:07 EDT">
  <testcase classname="ui.Grouping" name="Test3" time="0.008"/>
  <testcase classname="ui.Grouping" name="logoutTest" time="0.001"/>
  <testcase classname="ui.Grouping" name="logintest" time="0.0">
    <ignored/>
  </testcase> <!-- logintest -->
</testsuite> <!-- GRP-BVT -->
