<?xml version="1.0" encoding="UTF-8"?>
<!-- Generated by org.testng.reporters.JUnitXMLReporter -->
<testsuite ignored="0" hostname="DESKTOP-RCHGCD2" failures="0" tests="4" name="Functional Testing" time="0.044" errors="0" timestamp="2021-04-14T02:10:05 EDT">
  <testcase classname="ui.Grouping" name="Test3" time="0.007"/>
  <testcase classname="ui.Grouping" name="Test4" time="0.001"/>
  <testcase classname="ui.Grouping" name="logintest" time="0.001"/>
  <testcase classname="ui.Grouping" name="logoutTest" time="0.002"/>
</testsuite> <!-- Functional Testing -->
