<?xml version="1.0" encoding="UTF-8"?>
<!-- Generated by org.testng.reporters.JUnitXMLReporter -->
<testsuite ignored="0" hostname="DESKTOP-RCHGCD2" failures="0" tests="6" name="Reports Testing" time="0.049" errors="0" timestamp="2021-04-14T06:03:31 EDT">
  <testcase classname="ui.ReportTest" name="Reporttest" time="0.008"/>
  <testcase classname="ui.ReportTest" name="Reporttest1" time="0.001"/>
  <testcase classname="ui.ReportTest" name="Reporttest2" time="0.001"/>
  <testcase classname="ui.ReportTest" name="Reporttest3" time="0.0"/>
  <testcase classname="ui.ReportTest" name="Reporttest4" time="0.001"/>
  <testcase classname="ui.ReportTest" name="Reporttest5" time="0.001"/>
</testsuite> <!-- Reports Testing -->
