<?xml version="1.0" encoding="UTF-8"?>
<!-- Generated by org.testng.reporters.JUnitXMLReporter -->
<testsuite ignored="0" hostname="DESKTOP-RCHGCD2" failures="1" tests="4" name="Retry Testing" time="4.53" errors="0" timestamp="2021-04-14T05:23:29 EDT">
  <testcase classname="ui.ListenerDemoTest" name="launchApp" time="2.42">
    <skipped/>
  </testcase> <!-- launchApp -->
  <testcase classname="ui.ListenerDemoTest" name="launchApp" time="0.731">
    <skipped/>
  </testcase> <!-- launchApp -->
  <testcase classname="ui.ListenerDemoTest" name="launchApp" time="0.665">
    <skipped/>
  </testcase> <!-- launchApp -->
  <testcase classname="ui.ListenerDemoTest" name="launchApp" time="0.68">
    <failure type="java.lang.AssertionError" message="expected [true] but found [false]">
      <![CDATA[java.lang.AssertionError: expected [true] but found [false]
at ui.ListenerDemoTest.launchApp(ListenerDemoTest.java:15)
at java.base/java.util.ArrayList.forEach(ArrayList.java:1511)
... Removed 31 stack frames]]>
    </failure>
  </testcase> <!-- launchApp -->
</testsuite> <!-- Retry Testing -->
