<?xml version="1.0" encoding="UTF-8"?>
<!-- Generated by org.testng.reporters.JUnitXMLReporter -->
<testsuite ignored="0" hostname="DESKTOP-RCHGCD2" failures="1" tests="1" name="Listener Test" time="2.841" errors="0" timestamp="2021-04-14T04:40:13 EDT">
  <testcase classname="ui.ListenerDemoTest" name="launchApp" time="2.313">
    <failure type="java.lang.AssertionError" message="expected [true] but found [false]">
      <![CDATA[java.lang.AssertionError: expected [true] but found [false]
at ui.ListenerDemoTest.launchApp(ListenerDemoTest.java:15)
at java.base/java.util.ArrayList.forEach(ArrayList.java:1511)
... Removed 31 stack frames]]>
    </failure>
  </testcase> <!-- launchApp -->
</testsuite> <!-- Listener Test -->
